# JRE version: Java(TM) SE Runtime Environment (8.0_151-b12) (build 1.8.0_151-b12)
# Java VM: Java HotSpot(TM) 64-Bit Server VM (25.151-b12 mixed mode windows-amd64 compressed oops)
Heap:
 garbage-first heap   total 131072K, used 68861K [0x00000000c0000000, 0x00000000c0100400, 0x0000000100000000)
  region size 1024K, 16 young (16384K), 1 survivors (1024K)
 Metaspace       used 44931K, capacity 47176K, committed 47312K, reserved 1091584K
  class space    used 4812K, capacity 5579K, committed 5632K, reserved 1048576K
GC Heap History (10 events):
Event: 76.562 GC heap before
{Heap before GC invocations=57 (full 0):
 garbage-first heap   total 65536K, used 55882K [0x00000000c0000000, 0x00000000c0100200, 0x0000000100000000)
  region size 1024K, 3 young (3072K), 1 survivors (1024K)
 Metaspace       used 44923K, capacity 47176K, committed 47312K, reserved 1091584K
  class space    used 4812K, capacity 5579K, committed 5632K, reserved 1048576K
Event: 76.569 GC heap after
Heap after GC invocations=58 (full 0):
 garbage-first heap   total 65536K, used 54429K [0x00000000c0000000, 0x00000000c0100200, 0x0000000100000000)
  region size 1024K, 1 young (1024K), 1 survivors (1024K)
 Metaspace       used 44923K, capacity 47176K, committed 47312K, reserved 1091584K
  class space    used 4812K, capacity 5579K, committed 5632K, reserved 1048576K
}
Event: 76.581 GC heap before
{Heap before GC invocations=58 (full 0):
 garbage-first heap   total 65536K, used 56477K [0x00000000c0000000, 0x00000000c0100200, 0x0000000100000000)
  region size 1024K, 3 young (3072K), 1 survivors (1024K)
 Metaspace       used 44924K, capacity 47176K, committed 47312K, reserved 1091584K
  class space    used 4812K, capacity 5579K, committed 5632K, reserved 1048576K
Event: 76.593 GC heap after
Heap after GC invocations=59 (full 0):
 garbage-first heap   total 65536K, used 50314K [0x00000000c0000000, 0x00000000c0100200, 0x0000000100000000)
  region size 1024K, 1 young (1024K), 1 survivors (1024K)
 Metaspace       used 44924K, capacity 47176K, committed 47312K, reserved 1091584K
  class space    used 4812K, capacity 5579K, committed 5632K, reserved 1048576K
}
Event: 76.621 GC heap before
{Heap before GC invocations=59 (full 0):
 garbage-first heap   total 65536K, used 52362K [0x00000000c0000000, 0x00000000c0100200, 0x0000000100000000)
  region size 1024K, 3 young (3072K), 1 survivors (1024K)
 Metaspace       used 44924K, capacity 47176K, committed 47312K, reserved 1091584K
  class space    used 4812K, capacity 5579K, committed 5632K, reserved 1048576K
Event: 76.643 GC heap after
Heap after GC invocations=60 (full 0):
 garbage-first heap   total 65536K, used 51505K [0x00000000c0000000, 0x00000000c0100200, 0x0000000100000000)
  region size 1024K, 1 young (1024K), 1 survivors (1024K)
 Metaspace       used 44924K, capacity 47176K, committed 47312K, reserved 1091584K
  class space    used 4812K, capacity 5579K, committed 5632K, reserved 1048576K
}
Event: 76.742 GC heap before
{Heap before GC invocations=60 (full 0):
 garbage-first heap   total 65536K, used 56625K [0x00000000c0000000, 0x00000000c0100200, 0x0000000100000000)
  region size 1024K, 6 young (6144K), 1 survivors (1024K)
 Metaspace       used 44927K, capacity 47176K, committed 47312K, reserved 1091584K
  class space    used 4812K, capacity 5579K, committed 5632K, reserved 1048576K
Event: 76.758 GC heap after
Heap after GC invocations=61 (full 0):
 garbage-first heap   total 65536K, used 53600K [0x00000000c0000000, 0x00000000c0100200, 0x0000000100000000)
  region size 1024K, 1 young (1024K), 1 survivors (1024K)
 Metaspace       used 44927K, capacity 47176K, committed 47312K, reserved 1091584K
  class space    used 4812K, capacity 5579K, committed 5632K, reserved 1048576K
}
Event: 76.829 GC heap before
{Heap before GC invocations=61 (full 0):
 garbage-first heap   total 65536K, used 56672K [0x00000000c0000000, 0x00000000c0100200, 0x0000000100000000)
  region size 1024K, 4 young (4096K), 1 survivors (1024K)
 Metaspace       used 44927K, capacity 47176K, committed 47312K, reserved 1091584K
  class space    used 4812K, capacity 5579K, committed 5632K, reserved 1048576K
Event: 76.839 GC heap after
Heap after GC invocations=62 (full 0):
 garbage-first heap   total 131072K, used 54525K [0x00000000c0000000, 0x00000000c0100400, 0x0000000100000000)
  region size 1024K, 1 young (1024K), 1 survivors (1024K)
 Metaspace       used 44927K, capacity 47176K, committed 47312K, reserved 1091584K
  class space    used 4812K, capacity 5579K, committed 5632K, reserved 1048576K
}

