# JRE version: Java(TM) SE Runtime Environment (8.0_151-b12) (build 1.8.0_151-b12)
# Java VM: Java HotSpot(TM) 64-Bit Server VM (25.151-b12 mixed mode windows-amd64 compressed oops)
Heap:
 PSYoungGen      total 6656K, used 5333K [0x00000000eb100000, 0x00000000ec400000, 0x0000000100000000)
  eden space 6144K, 86% used [0x00000000eb100000,0x00000000eb635578,0x00000000eb700000)
  from space 512K, 0% used [0x00000000eb700000,0x00000000eb700000,0x00000000eb780000)
  to   space 3584K, 0% used [0x00000000ec080000,0x00000000ec080000,0x00000000ec400000)
 ParOldGen       total 5632K, used 5086K [0x00000000c1200000, 0x00000000c1780000, 0x00000000eb100000)
  object space 5632K, 90% used [0x00000000c1200000,0x00000000c16f78c8,0x00000000c1780000)
 Metaspace       used 7457K, capacity 8180K, committed 8448K, reserved 1056768K
  class space    used 909K, capacity 944K, committed 1024K, reserved 1048576K
GC Heap History (10 events):
Event: 1.524 GC heap before
{Heap before GC invocations=2 (full 0):
 PSYoungGen      total 2048K, used 1998K [0x00000000eb100000, 0x00000000eb500000, 0x0000000100000000)
  eden space 1536K, 98% used [0x00000000eb100000,0x00000000eb27ba40,0x00000000eb280000)
  from space 512K, 93% used [0x00000000eb280000,0x00000000eb2f8020,0x00000000eb300000)
  to   space 512K, 0% used [0x00000000eb480000,0x00000000eb480000,0x00000000eb500000)
 ParOldGen       total 5632K, used 72K [0x00000000c1200000, 0x00000000c1780000, 0x00000000eb100000)
  object space 5632K, 1% used [0x00000000c1200000,0x00000000c1212000,0x00000000c1780000)
 Metaspace       used 4163K, capacity 5324K, committed 5504K, reserved 1056768K
  class space    used 492K, capacity 520K, committed 640K, reserved 1048576K
Event: 1.549 GC heap after
Heap after GC invocations=2 (full 0):
 PSYoungGen      total 3584K, used 512K [0x00000000eb100000, 0x00000000eb500000, 0x0000000100000000)
  eden space 3072K, 0% used [0x00000000eb100000,0x00000000eb100000,0x00000000eb400000)
  from space 512K, 100% used [0x00000000eb480000,0x00000000eb500000,0x00000000eb500000)
  to   space 512K, 0% used [0x00000000eb400000,0x00000000eb400000,0x00000000eb480000)
 ParOldGen       total 5632K, used 256K [0x00000000c1200000, 0x00000000c1780000, 0x00000000eb100000)
  object space 5632K, 4% used [0x00000000c1200000,0x00000000c1240010,0x00000000c1780000)
 Metaspace       used 4163K, capacity 5324K, committed 5504K, reserved 1056768K
  class space    used 492K, capacity 520K, committed 640K, reserved 1048576K
}
Event: 1.979 GC heap before
{Heap before GC invocations=3 (full 0):
 PSYoungGen      total 3584K, used 3584K [0x00000000eb100000, 0x00000000eb500000, 0x0000000100000000)
  eden space 3072K, 100% used [0x00000000eb100000,0x00000000eb400000,0x00000000eb400000)
  from space 512K, 100% used [0x00000000eb480000,0x00000000eb500000,0x00000000eb500000)
  to   space 512K, 0% used [0x00000000eb400000,0x00000000eb400000,0x00000000eb480000)
 ParOldGen       total 5632K, used 256K [0x00000000c1200000, 0x00000000c1780000, 0x00000000eb100000)
  object space 5632K, 4% used [0x00000000c1200000,0x00000000c1240010,0x00000000c1780000)
 Metaspace       used 5200K, capacity 6292K, committed 6656K, reserved 1056768K
  class space    used 632K, capacity 656K, committed 768K, reserved 1048576K
Event: 1.982 GC heap after
Heap after GC invocations=3 (full 0):
 PSYoungGen      total 3584K, used 480K [0x00000000eb100000, 0x00000000eb800000, 0x0000000100000000)
  eden space 3072K, 0% used [0x00000000eb100000,0x00000000eb100000,0x00000000eb400000)
  from space 512K, 93% used [0x00000000eb400000,0x00000000eb478010,0x00000000eb480000)
  to   space 512K, 0% used [0x00000000eb780000,0x00000000eb780000,0x00000000eb800000)
 ParOldGen       total 5632K, used 576K [0x00000000c1200000, 0x00000000c1780000, 0x00000000eb100000)
  object space 5632K, 10% used [0x00000000c1200000,0x00000000c1290070,0x00000000c1780000)
 Metaspace       used 5200K, capacity 6292K, committed 6656K, reserved 1056768K
  class space    used 632K, capacity 656K, committed 768K, reserved 1048576K
}
Event: 2.322 GC heap before
{Heap before GC invocations=4 (full 0):
 PSYoungGen      total 3584K, used 3501K [0x00000000eb100000, 0x00000000eb800000, 0x0000000100000000)
  eden space 3072K, 98% used [0x00000000eb100000,0x00000000eb3f3720,0x00000000eb400000)
  from space 512K, 93% used [0x00000000eb400000,0x00000000eb478010,0x00000000eb480000)
  to   space 512K, 0% used [0x00000000eb780000,0x00000000eb780000,0x00000000eb800000)
 ParOldGen       total 5632K, used 576K [0x00000000c1200000, 0x00000000c1780000, 0x00000000eb100000)
  object space 5632K, 10% used [0x00000000c1200000,0x00000000c1290070,0x00000000c1780000)
 Metaspace       used 6229K, capacity 7284K, committed 7552K, reserved 1056768K
  class space    used 778K, capacity 816K, committed 896K, reserved 1048576K
Event: 2.324 GC heap after
Heap after GC invocations=4 (full 0):
 PSYoungGen      total 6656K, used 511K [0x00000000eb100000, 0x00000000eb800000, 0x0000000100000000)
  eden space 6144K, 0% used [0x00000000eb100000,0x00000000eb100000,0x00000000eb700000)
  from space 512K, 99% used [0x00000000eb780000,0x00000000eb7ffc20,0x00000000eb800000)
  to   space 512K, 0% used [0x00000000eb700000,0x00000000eb700000,0x00000000eb780000)
 ParOldGen       total 5632K, used 952K [0x00000000c1200000, 0x00000000c1780000, 0x00000000eb100000)
  object space 5632K, 16% used [0x00000000c1200000,0x00000000c12ee080,0x00000000c1780000)
 Metaspace       used 6229K, capacity 7284K, committed 7552K, reserved 1056768K
  class space    used 778K, capacity 816K, committed 896K, reserved 1048576K
}
Event: 5.459 GC heap before
{Heap before GC invocations=5 (full 0):
 PSYoungGen      total 6656K, used 6655K [0x00000000eb100000, 0x00000000eb800000, 0x0000000100000000)
  eden space 6144K, 100% used [0x00000000eb100000,0x00000000eb700000,0x00000000eb700000)
  from space 512K, 99% used [0x00000000eb780000,0x00000000eb7ffc20,0x00000000eb800000)
  to   space 512K, 0% used [0x00000000eb700000,0x00000000eb700000,0x00000000eb780000)
 ParOldGen       total 5632K, used 952K [0x00000000c1200000, 0x00000000c1780000, 0x00000000eb100000)
  object space 5632K, 16% used [0x00000000c1200000,0x00000000c12ee080,0x00000000c1780000)
 Metaspace       used 7283K, capacity 8084K, committed 8448K, reserved 1056768K
  class space    used 889K, capacity 912K, committed 1024K, reserved 1048576K
Event: 5.497 GC heap after
Heap after GC invocations=5 (full 0):
 PSYoungGen      total 6656K, used 512K [0x00000000eb100000, 0x00000000ec400000, 0x0000000100000000)
  eden space 6144K, 0% used [0x00000000eb100000,0x00000000eb100000,0x00000000eb700000)
  from space 512K, 100% used [0x00000000eb700000,0x00000000eb780000,0x00000000eb780000)
  to   space 3584K, 0% used [0x00000000ec080000,0x00000000ec080000,0x00000000ec400000)
 ParOldGen       total 5632K, used 4714K [0x00000000c1200000, 0x00000000c1780000, 0x00000000eb100000)
  object space 5632K, 83% used [0x00000000c1200000,0x00000000c169aad8,0x00000000c1780000)
 Metaspace       used 7283K, capacity 8084K, committed 8448K, reserved 1056768K
  class space    used 889K, capacity 912K, committed 1024K, reserved 1048576K
}
Event: 5.497 GC heap before
{Heap before GC invocations=6 (full 1):
 PSYoungGen      total 6656K, used 512K [0x00000000eb100000, 0x00000000ec400000, 0x0000000100000000)
  eden space 6144K, 0% used [0x00000000eb100000,0x00000000eb100000,0x00000000eb700000)
  from space 512K, 100% used [0x00000000eb700000,0x00000000eb780000,0x00000000eb780000)
  to   space 3584K, 0% used [0x00000000ec080000,0x00000000ec080000,0x00000000ec400000)
 ParOldGen       total 5632K, used 4714K [0x00000000c1200000, 0x00000000c1780000, 0x00000000eb100000)
  object space 5632K, 83% used [0x00000000c1200000,0x00000000c169aad8,0x00000000c1780000)
 Metaspace       used 7283K, capacity 8084K, committed 8448K, reserved 1056768K
  class space    used 889K, capacity 912K, committed 1024K, reserved 1048576K
Event: 5.556 GC heap after
Heap after GC invocations=6 (full 1):
 PSYoungGen      total 6656K, used 0K [0x00000000eb100000, 0x00000000ec400000, 0x0000000100000000)
  eden space 6144K, 0% used [0x00000000eb100000,0x00000000eb100000,0x00000000eb700000)
  from space 512K, 0% used [0x00000000eb700000,0x00000000eb700000,0x00000000eb780000)
  to   space 3584K, 0% used [0x00000000ec080000,0x00000000ec080000,0x00000000ec400000)
 ParOldGen       total 5632K, used 5086K [0x00000000c1200000, 0x00000000c1780000, 0x00000000eb100000)
  object space 5632K, 90% used [0x00000000c1200000,0x00000000c16f78c8,0x00000000c1780000)
 Metaspace       used 7283K, capacity 8084K, committed 8448K, reserved 1056768K
  class space    used 889K, capacity 912K, committed 1024K, reserved 1048576K
}

